This file contains any messages produced by compilers while
running configure, to aid debugging if configure makes a mistake.

It was created by haskell-platform configure 2013.2.0.0, which was
generated by GNU Autoconf 2.69.  Invocation command line was

  $ ./configure 

## --------- ##
## Platform. ##
## --------- ##

hostname = josiah-VirtualBox
uname -m = x86_64
uname -r = 3.11.0-13-generic
uname -s = Linux
uname -v = #20-Ubuntu SMP Wed Oct 23 07:38:26 UTC 2013

/usr/bin/uname -p = unknown
/bin/uname -X     = unknown

/bin/arch              = unknown
/usr/bin/arch -k       = unknown
/usr/convex/getsysinfo = unknown
/usr/bin/hostinfo      = unknown
/bin/machine           = unknown
/usr/bin/oslevel       = unknown
/bin/universe          = unknown

PATH: /usr/lib/lightdm/lightdm
PATH: /usr/local/sbin
PATH: /usr/local/bin
PATH: /usr/sbin
PATH: /usr/bin
PATH: /sbin
PATH: /bin
PATH: /usr/games
PATH: /usr/local/games


## ----------- ##
## Core tests. ##
## ----------- ##

configure:2113: checking build system type
configure:2127: result: x86_64-unknown-linux-gnu
configure:2147: checking host system type
configure:2160: result: x86_64-unknown-linux-gnu
configure:2180: checking target system type
configure:2193: result: x86_64-unknown-linux-gnu
configure:2235: checking for ghc
configure:2253: found /usr/bin/ghc
configure:2266: result: /usr/bin/ghc
configure:2292: checking for ghc-pkg
configure:2310: found /usr/bin/ghc-pkg
configure:2323: result: /usr/bin/ghc-pkg
configure:2348: checking for hsc2hs
configure:2366: found /usr/bin/hsc2hs
configure:2379: result: /usr/bin/hsc2hs
configure:2475: checking version of ghc
configure:2478: result: 7.6.3
configure:2497: checking version of ghc-pkg matches
configure:2507: result: yes
configure:2517: checking ghc actually works
configure:2526: /usr/bin/ghc -o conftest conftest.hs
configure:2529: $? = 0
configure:2546: result: yes
configure:2559: checking the ghc core packages are all installed
configure:2577: result: yes
configure:2640: checking for perl
configure:2658: found /usr/bin/perl
configure:2671: result: /usr/bin/perl
configure:2735: checking for gcc
configure:2751: found /usr/bin/gcc
configure:2762: result: gcc
configure:2991: checking for C compiler version
configure:3000: gcc --version >&5
gcc (Ubuntu/Linaro 4.8.1-10ubuntu8) 4.8.1
Copyright (C) 2013 Free Software Foundation, Inc.
This is free software; see the source for copying conditions.  There is NO
warranty; not even for MERCHANTABILITY or FITNESS FOR A PARTICULAR PURPOSE.

configure:3011: $? = 0
configure:3000: gcc -v >&5
Using built-in specs.
COLLECT_GCC=gcc
COLLECT_LTO_WRAPPER=/usr/lib/gcc/x86_64-linux-gnu/4.8/lto-wrapper
Target: x86_64-linux-gnu
Configured with: ../src/configure -v --with-pkgversion='Ubuntu/Linaro 4.8.1-10ubuntu8' --with-bugurl=file:///usr/share/doc/gcc-4.8/README.Bugs --enable-languages=c,c++,java,go,d,fortran,objc,obj-c++ --prefix=/usr --program-suffix=-4.8 --enable-shared --enable-linker-build-id --libexecdir=/usr/lib --without-included-gettext --enable-threads=posix --with-gxx-include-dir=/usr/include/c++/4.8 --libdir=/usr/lib --enable-nls --with-sysroot=/ --enable-clocale=gnu --enable-libstdcxx-debug --enable-libstdcxx-time=yes --enable-gnu-unique-object --enable-plugin --with-system-zlib --disable-browser-plugin --enable-java-awt=gtk --enable-gtk-cairo --with-java-home=/usr/lib/jvm/java-1.5.0-gcj-4.8-amd64/jre --enable-java-home --with-jvm-root-dir=/usr/lib/jvm/java-1.5.0-gcj-4.8-amd64 --with-jvm-jar-dir=/usr/lib/jvm-exports/java-1.5.0-gcj-4.8-amd64 --with-arch-directory=amd64 --with-ecj-jar=/usr/share/java/eclipse-ecj.jar --enable-objc-gc --enable-multiarch --disable-werror --with-arch-32=i686 --with-abi=m64 --with-multilib-list=m32,m64,mx32 --with-tune=generic --enable-checking=release --build=x86_64-linux-gnu --host=x86_64-linux-gnu --target=x86_64-linux-gnu
Thread model: posix
gcc version 4.8.1 (Ubuntu/Linaro 4.8.1-10ubuntu8) 
configure:3011: $? = 0
configure:3000: gcc -V >&5
gcc: error: unrecognized command line option '-V'
gcc: fatal error: no input files
compilation terminated.
configure:3011: $? = 4
configure:3000: gcc -qversion >&5
gcc: error: unrecognized command line option '-qversion'
gcc: fatal error: no input files
compilation terminated.
configure:3011: $? = 4
configure:3031: checking whether the C compiler works
configure:3053: gcc    conftest.c  >&5
configure:3057: $? = 0
configure:3105: result: yes
configure:3108: checking for C compiler default output file name
configure:3110: result: a.out
configure:3116: checking for suffix of executables
configure:3123: gcc -o conftest    conftest.c  >&5
configure:3127: $? = 0
configure:3149: result: 
configure:3171: checking whether we are cross compiling
configure:3179: gcc -o conftest    conftest.c  >&5
configure:3183: $? = 0
configure:3190: ./conftest
configure:3194: $? = 0
configure:3209: result: no
configure:3214: checking for suffix of object files
configure:3236: gcc -c   conftest.c >&5
configure:3240: $? = 0
configure:3261: result: o
configure:3265: checking whether we are using the GNU C compiler
configure:3284: gcc -c   conftest.c >&5
configure:3284: $? = 0
configure:3293: result: yes
configure:3302: checking whether gcc accepts -g
configure:3322: gcc -c -g  conftest.c >&5
configure:3322: $? = 0
configure:3363: result: yes
configure:3380: checking for gcc option to accept ISO C89
configure:3443: gcc  -c -g -O2  conftest.c >&5
configure:3443: $? = 0
configure:3456: result: none needed
configure:3482: checking how to run the C preprocessor
configure:3513: gcc -E  conftest.c
configure:3513: $? = 0
configure:3527: gcc -E  conftest.c
conftest.c:9:28: fatal error: ac_nonexistent.h: No such file or directory
 #include <ac_nonexistent.h>
                            ^
compilation terminated.
configure:3527: $? = 1
configure: failed program was:
| /* confdefs.h */
| #define PACKAGE_NAME "haskell-platform"
| #define PACKAGE_TARNAME "haskell-platform"
| #define PACKAGE_VERSION "2013.2.0.0"
| #define PACKAGE_STRING "haskell-platform 2013.2.0.0"
| #define PACKAGE_BUGREPORT ""
| #define PACKAGE_URL ""
| /* end confdefs.h.  */
| #include <ac_nonexistent.h>
configure:3552: result: gcc -E
configure:3572: gcc -E  conftest.c
configure:3572: $? = 0
configure:3586: gcc -E  conftest.c
conftest.c:9:28: fatal error: ac_nonexistent.h: No such file or directory
 #include <ac_nonexistent.h>
                            ^
compilation terminated.
configure:3586: $? = 1
configure: failed program was:
| /* confdefs.h */
| #define PACKAGE_NAME "haskell-platform"
| #define PACKAGE_TARNAME "haskell-platform"
| #define PACKAGE_VERSION "2013.2.0.0"
| #define PACKAGE_STRING "haskell-platform 2013.2.0.0"
| #define PACKAGE_BUGREPORT ""
| #define PACKAGE_URL ""
| /* end confdefs.h.  */
| #include <ac_nonexistent.h>
configure:3615: checking for grep that handles long lines and -e
configure:3673: result: /bin/grep
configure:3678: checking for egrep
configure:3740: result: /bin/grep -E
configure:3745: checking for ANSI C header files
configure:3765: gcc -c -g -O2  conftest.c >&5
configure:3765: $? = 0
configure:3838: gcc -o conftest -g -O2   conftest.c  >&5
configure:3838: $? = 0
configure:3838: ./conftest
configure:3838: $? = 0
configure:3849: result: yes
configure:3862: checking for sys/types.h
configure:3862: gcc -c -g -O2  conftest.c >&5
configure:3862: $? = 0
configure:3862: result: yes
configure:3862: checking for sys/stat.h
configure:3862: gcc -c -g -O2  conftest.c >&5
configure:3862: $? = 0
configure:3862: result: yes
configure:3862: checking for stdlib.h
configure:3862: gcc -c -g -O2  conftest.c >&5
configure:3862: $? = 0
configure:3862: result: yes
configure:3862: checking for string.h
configure:3862: gcc -c -g -O2  conftest.c >&5
configure:3862: $? = 0
configure:3862: result: yes
configure:3862: checking for memory.h
configure:3862: gcc -c -g -O2  conftest.c >&5
configure:3862: $? = 0
configure:3862: result: yes
configure:3862: checking for strings.h
configure:3862: gcc -c -g -O2  conftest.c >&5
configure:3862: $? = 0
configure:3862: result: yes
configure:3862: checking for inttypes.h
configure:3862: gcc -c -g -O2  conftest.c >&5
configure:3862: $? = 0
configure:3862: result: yes
configure:3862: checking for stdint.h
configure:3862: gcc -c -g -O2  conftest.c >&5
configure:3862: $? = 0
configure:3862: result: yes
configure:3862: checking for unistd.h
configure:3862: gcc -c -g -O2  conftest.c >&5
configure:3862: $? = 0
configure:3862: result: yes
configure:3874: checking zlib.h usability
configure:3874: gcc -c -g -O2  conftest.c >&5
conftest.c:52:18: fatal error: zlib.h: No such file or directory
 #include <zlib.h>
                  ^
compilation terminated.
configure:3874: $? = 1
configure: failed program was:
| /* confdefs.h */
| #define PACKAGE_NAME "haskell-platform"
| #define PACKAGE_TARNAME "haskell-platform"
| #define PACKAGE_VERSION "2013.2.0.0"
| #define PACKAGE_STRING "haskell-platform 2013.2.0.0"
| #define PACKAGE_BUGREPORT ""
| #define PACKAGE_URL ""
| #define STDC_HEADERS 1
| #define HAVE_SYS_TYPES_H 1
| #define HAVE_SYS_STAT_H 1
| #define HAVE_STDLIB_H 1
| #define HAVE_STRING_H 1
| #define HAVE_MEMORY_H 1
| #define HAVE_STRINGS_H 1
| #define HAVE_INTTYPES_H 1
| #define HAVE_STDINT_H 1
| #define HAVE_UNISTD_H 1
| /* end confdefs.h.  */
| #include <stdio.h>
| #ifdef HAVE_SYS_TYPES_H
| # include <sys/types.h>
| #endif
| #ifdef HAVE_SYS_STAT_H
| # include <sys/stat.h>
| #endif
| #ifdef STDC_HEADERS
| # include <stdlib.h>
| # include <stddef.h>
| #else
| # ifdef HAVE_STDLIB_H
| #  include <stdlib.h>
| # endif
| #endif
| #ifdef HAVE_STRING_H
| # if !defined STDC_HEADERS && defined HAVE_MEMORY_H
| #  include <memory.h>
| # endif
| # include <string.h>
| #endif
| #ifdef HAVE_STRINGS_H
| # include <strings.h>
| #endif
| #ifdef HAVE_INTTYPES_H
| # include <inttypes.h>
| #endif
| #ifdef HAVE_STDINT_H
| # include <stdint.h>
| #endif
| #ifdef HAVE_UNISTD_H
| # include <unistd.h>
| #endif
| #include <zlib.h>
configure:3874: result: no
configure:3874: checking zlib.h presence
configure:3874: gcc -E  conftest.c
conftest.c:19:18: fatal error: zlib.h: No such file or directory
 #include <zlib.h>
                  ^
compilation terminated.
configure:3874: $? = 1
configure: failed program was:
| /* confdefs.h */
| #define PACKAGE_NAME "haskell-platform"
| #define PACKAGE_TARNAME "haskell-platform"
| #define PACKAGE_VERSION "2013.2.0.0"
| #define PACKAGE_STRING "haskell-platform 2013.2.0.0"
| #define PACKAGE_BUGREPORT ""
| #define PACKAGE_URL ""
| #define STDC_HEADERS 1
| #define HAVE_SYS_TYPES_H 1
| #define HAVE_SYS_STAT_H 1
| #define HAVE_STDLIB_H 1
| #define HAVE_STRING_H 1
| #define HAVE_MEMORY_H 1
| #define HAVE_STRINGS_H 1
| #define HAVE_INTTYPES_H 1
| #define HAVE_STDINT_H 1
| #define HAVE_UNISTD_H 1
| /* end confdefs.h.  */
| #include <zlib.h>
configure:3874: result: no
configure:3874: checking for zlib.h
configure:3874: result: no
configure:3878: error: The zlib C library is required

## ---------------- ##
## Cache variables. ##
## ---------------- ##

ac_cv_build=x86_64-unknown-linux-gnu
ac_cv_c_compiler_gnu=yes
ac_cv_env_CC_set=
ac_cv_env_CC_value=
ac_cv_env_CFLAGS_set=
ac_cv_env_CFLAGS_value=
ac_cv_env_CPPFLAGS_set=
ac_cv_env_CPPFLAGS_value=
ac_cv_env_CPP_set=
ac_cv_env_CPP_value=
ac_cv_env_LDFLAGS_set=
ac_cv_env_LDFLAGS_value=
ac_cv_env_LIBS_set=
ac_cv_env_LIBS_value=
ac_cv_env_build_alias_set=
ac_cv_env_build_alias_value=
ac_cv_env_host_alias_set=
ac_cv_env_host_alias_value=
ac_cv_env_target_alias_set=
ac_cv_env_target_alias_value=
ac_cv_header_inttypes_h=yes
ac_cv_header_memory_h=yes
ac_cv_header_stdc=yes
ac_cv_header_stdint_h=yes
ac_cv_header_stdlib_h=yes
ac_cv_header_string_h=yes
ac_cv_header_strings_h=yes
ac_cv_header_sys_stat_h=yes
ac_cv_header_sys_types_h=yes
ac_cv_header_unistd_h=yes
ac_cv_header_zlib_h=no
ac_cv_host=x86_64-unknown-linux-gnu
ac_cv_objext=o
ac_cv_path_EGREP='/bin/grep -E'
ac_cv_path_GHC=/usr/bin/ghc
ac_cv_path_GHC_PKG=/usr/bin/ghc-pkg
ac_cv_path_GREP=/bin/grep
ac_cv_path_HSC2HS=/usr/bin/hsc2hs
ac_cv_path_PERL=/usr/bin/perl
ac_cv_prog_CPP='gcc -E'
ac_cv_prog_ac_ct_CC=gcc
ac_cv_prog_cc_c89=
ac_cv_prog_cc_g=yes
ac_cv_target=x86_64-unknown-linux-gnu

## ----------------- ##
## Output variables. ##
## ----------------- ##

ALLOW_UNSUPPORTED_GHC='NO'
CC='gcc'
CFLAGS='-g -O2'
CPP='gcc -E'
CPPFLAGS=''
DEFS=''
ECHO_C=''
ECHO_N='-n'
ECHO_T=''
EGREP='/bin/grep -E'
ENABLE_PROFILING='YES'
ENABLE_SHARED='NO'
EXEEXT=''
GHC='/usr/bin/ghc'
GHC_PKG='/usr/bin/ghc-pkg'
GREP='/bin/grep'
HSC2HS='/usr/bin/hsc2hs'
LDFLAGS=''
LIBOBJS=''
LIBS=''
LTLIBOBJS=''
OBJEXT='o'
PACKAGE_BUGREPORT=''
PACKAGE_NAME='haskell-platform'
PACKAGE_STRING='haskell-platform 2013.2.0.0'
PACKAGE_TARNAME='haskell-platform'
PACKAGE_URL=''
PACKAGE_VERSION='2013.2.0.0'
PATH_SEPARATOR=':'
PERL='/usr/bin/perl'
SHELL='/bin/bash'
USER_INSTALL='NO'
ac_ct_CC='gcc'
bindir='${exec_prefix}/bin'
build='x86_64-unknown-linux-gnu'
build_alias=''
build_cpu='x86_64'
build_os='linux-gnu'
build_vendor='unknown'
datadir='${datarootdir}'
datarootdir='${prefix}/share'
docdir='${datarootdir}/doc/${PACKAGE_TARNAME}'
dvidir='${docdir}'
exec_prefix='NONE'
host='x86_64-unknown-linux-gnu'
host_alias=''
host_cpu='x86_64'
host_os='linux-gnu'
host_vendor='unknown'
htmldir='${docdir}'
includedir='${prefix}/include'
infodir='${datarootdir}/info'
libdir='${exec_prefix}/lib'
libexecdir='${exec_prefix}/libexec'
localedir='${datarootdir}/locale'
localstatedir='${prefix}/var'
mandir='${datarootdir}/man'
oldincludedir='/usr/include'
pdfdir='${docdir}'
prefix='NONE'
program_transform_name='s,x,x,'
psdir='${docdir}'
sbindir='${exec_prefix}/sbin'
sharedstatedir='${prefix}/com'
sysconfdir='${prefix}/etc'
target='x86_64-unknown-linux-gnu'
target_alias=''
target_cpu='x86_64'
target_os='linux-gnu'
target_vendor='unknown'

## ----------- ##
## confdefs.h. ##
## ----------- ##

/* confdefs.h */
#define PACKAGE_NAME "haskell-platform"
#define PACKAGE_TARNAME "haskell-platform"
#define PACKAGE_VERSION "2013.2.0.0"
#define PACKAGE_STRING "haskell-platform 2013.2.0.0"
#define PACKAGE_BUGREPORT ""
#define PACKAGE_URL ""
#define STDC_HEADERS 1
#define HAVE_SYS_TYPES_H 1
#define HAVE_SYS_STAT_H 1
#define HAVE_STDLIB_H 1
#define HAVE_STRING_H 1
#define HAVE_MEMORY_H 1
#define HAVE_STRINGS_H 1
#define HAVE_INTTYPES_H 1
#define HAVE_STDINT_H 1
#define HAVE_UNISTD_H 1

configure: exit 1
