Activating service name='org.gtk.vfs.Daemon'
Successfully activated service 'org.gtk.vfs.Daemon'
Activating service name='org.a11y.Bus'
Successfully activated service 'org.a11y.Bus'
Activating service name='org.a11y.atspi.Registry'
Activating service name='org.freedesktop.Notifications'
Successfully activated service 'org.a11y.atspi.Registry'

** (at-spi2-registryd:1728): WARNING **: Failed to register client: GDBus.Error:org.freedesktop.DBus.Error.ServiceUnknown: The name org.gnome.SessionManager was not provided by any .service files

** (at-spi2-registryd:1728): WARNING **: Unable to register client with session manager
Successfully activated service 'org.freedesktop.Notifications'
Activating service name='org.xfce.Xfconf'
Successfully activated service 'org.xfce.Xfconf'
Activating service name='org.gtk.Private.UDisks2VolumeMonitor'
Successfully activated service 'org.gtk.Private.UDisks2VolumeMonitor'
Activating service name='org.gtk.Private.MTPVolumeMonitor'
Successfully activated service 'org.gtk.Private.MTPVolumeMonitor'
Activating service name='org.gnome.GConf'
Activating service name='org.gtk.Private.AfcVolumeMonitor'
Successfully activated service 'org.gtk.Private.AfcVolumeMonitor'
Successfully activated service 'org.gnome.GConf'
Activating service name='org.gtk.Private.GPhoto2VolumeMonitor'
Successfully activated service 'org.gtk.Private.GPhoto2VolumeMonitor'
Activating service name='org.gtk.vfs.Metadata'
Successfully activated service 'org.gtk.vfs.Metadata'
Activating service name='com.canonical.indicator.application'
Successfully activated service 'com.canonical.indicator.application'

(process:1935): indicator-application-service-WARNING **: Application already exists, re-requesting properties.
Activating service name='org.gtk.vfs.Daemon'
Successfully activated service 'org.gtk.vfs.Daemon'
Activating service name='org.a11y.Bus'
Successfully activated service 'org.a11y.Bus'
Activating service name='org.a11y.atspi.Registry'
Successfully activated service 'org.a11y.atspi.Registry'

** (at-spi2-registryd:1685): WARNING **: Failed to register client: GDBus.Error:org.freedesktop.DBus.Error.ServiceUnknown: The name org.gnome.SessionManager was not provided by any .service files

** (at-spi2-registryd:1685): WARNING **: Unable to register client with session manager
Activating service name='org.gtk.Private.UDisks2VolumeMonitor'
Activating service name='org.freedesktop.Notifications'
Successfully activated service 'org.freedesktop.Notifications'
Activating service name='org.xfce.Xfconf'
Successfully activated service 'org.xfce.Xfconf'
Successfully activated service 'org.gtk.Private.UDisks2VolumeMonitor'
Activating service name='org.gtk.Private.MTPVolumeMonitor'
Successfully activated service 'org.gtk.Private.MTPVolumeMonitor'
Activating service name='org.gtk.Private.AfcVolumeMonitor'
Activating service name='org.gnome.GConf'
Successfully activated service 'org.gtk.Private.AfcVolumeMonitor'
Successfully activated service 'org.gnome.GConf'
Activating service name='org.gtk.Private.GPhoto2VolumeMonitor'
Successfully activated service 'org.gtk.Private.GPhoto2VolumeMonitor'
Activating service name='org.gtk.vfs.Metadata'
Successfully activated service 'org.gtk.vfs.Metadata'
Activating service name='com.canonical.indicator.application'
Successfully activated service 'com.canonical.indicator.application'

(process:1857): indicator-application-service-WARNING **: Application already exists, re-requesting properties.
Activating service name='org.gtk.vfs.Daemon'
Successfully activated service 'org.gtk.vfs.Daemon'
Activating service name='org.a11y.Bus'
Successfully activated service 'org.a11y.Bus'
Activating service name='org.gtk.Private.UDisks2VolumeMonitor'
Activating service name='org.a11y.atspi.Registry'
Successfully activated service 'org.a11y.atspi.Registry'
Activating service name='org.freedesktop.Notifications'

** (at-spi2-registryd:5238): WARNING **: Failed to register client: GDBus.Error:org.freedesktop.DBus.Error.ServiceUnknown: The name org.gnome.SessionManager was not provided by any .service files

** (at-spi2-registryd:5238): WARNING **: Unable to register client with session manager
Successfully activated service 'org.freedesktop.Notifications'
Activating service name='org.xfce.Xfconf'
Successfully activated service 'org.xfce.Xfconf'
Successfully activated service 'org.gtk.Private.UDisks2VolumeMonitor'
Activating service name='org.gtk.Private.MTPVolumeMonitor'
Successfully activated service 'org.gtk.Private.MTPVolumeMonitor'
Activating service name='org.gtk.Private.AfcVolumeMonitor'
Successfully activated service 'org.gtk.Private.AfcVolumeMonitor'
Activating service name='org.gtk.Private.GPhoto2VolumeMonitor'
Successfully activated service 'org.gtk.Private.GPhoto2VolumeMonitor'
Activating service name='org.gnome.GConf'
Successfully activated service 'org.gnome.GConf'
Activating service name='org.gtk.vfs.Metadata'
Successfully activated service 'org.gtk.vfs.Metadata'
Activating service name='com.canonical.indicator.application'
Successfully activated service 'com.canonical.indicator.application'

(process:5315): indicator-application-service-WARNING **: Application already exists, re-requesting properties.
Activating service name='org.gtk.vfs.Daemon'
Successfully activated service 'org.gtk.vfs.Daemon'
Activating service name='org.a11y.Bus'
Activating service name='org.freedesktop.Notifications'
Successfully activated service 'org.a11y.Bus'
Activating service name='org.gtk.Private.UDisks2VolumeMonitor'
Activating service name='org.a11y.atspi.Registry'
Successfully activated service 'org.freedesktop.Notifications'
Activating service name='org.xfce.Xfconf'
Successfully activated service 'org.a11y.atspi.Registry'
Successfully activated service 'org.xfce.Xfconf'
Successfully activated service 'org.gtk.Private.UDisks2VolumeMonitor'

** (at-spi2-registryd:13071): WARNING **: Failed to register client: GDBus.Error:org.freedesktop.DBus.Error.ServiceUnknown: The name org.gnome.SessionManager was not provided by any .service files

** (at-spi2-registryd:13071): WARNING **: Unable to register client with session manager
Activating service name='org.gtk.Private.MTPVolumeMonitor'
Successfully activated service 'org.gtk.Private.MTPVolumeMonitor'
Activating service name='org.gtk.Private.AfcVolumeMonitor'
Successfully activated service 'org.gtk.Private.AfcVolumeMonitor'
Activating service name='org.gtk.Private.GPhoto2VolumeMonitor'
Successfully activated service 'org.gtk.Private.GPhoto2VolumeMonitor'
Activating service name='org.gnome.GConf'
Successfully activated service 'org.gnome.GConf'
Activating service name='org.gtk.vfs.Metadata'
Successfully activated service 'org.gtk.vfs.Metadata'
Activating service name='com.canonical.indicator.application'
Successfully activated service 'com.canonical.indicator.application'

(process:13151): indicator-application-service-WARNING **: Application already exists, re-requesting properties.

(process:13151): indicator-application-service-WARNING **: Application already exists, re-requesting properties.

(process:13151): indicator-application-service-WARNING **: Application already exists, re-requesting properties.

(process:13151): indicator-application-service-WARNING **: Application already exists, re-requesting properties.
Activating service name='org.gtk.vfs.Daemon'
Successfully activated service 'org.gtk.vfs.Daemon'
Activating service name='org.a11y.Bus'
Successfully activated service 'org.a11y.Bus'
Activating service name='org.a11y.atspi.Registry'
Activating service name='org.freedesktop.Notifications'
Activating service name='org.gtk.Private.UDisks2VolumeMonitor'
Successfully activated service 'org.a11y.atspi.Registry'
Successfully activated service 'org.gtk.Private.UDisks2VolumeMonitor'

** (at-spi2-registryd:14338): WARNING **: Failed to register client: GDBus.Error:org.freedesktop.DBus.Error.ServiceUnknown: The name org.gnome.SessionManager was not provided by any .service files

** (at-spi2-registryd:14338): WARNING **: Unable to register client with session manager
Activating service name='org.gtk.Private.MTPVolumeMonitor'
Successfully activated service 'org.freedesktop.Notifications'
Activating service name='org.xfce.Xfconf'
Successfully activated service 'org.xfce.Xfconf'
Successfully activated service 'org.gtk.Private.MTPVolumeMonitor'
Activating service name='org.gtk.Private.AfcVolumeMonitor'
Successfully activated service 'org.gtk.Private.AfcVolumeMonitor'
Activating service name='org.gtk.Private.GPhoto2VolumeMonitor'
Successfully activated service 'org.gtk.Private.GPhoto2VolumeMonitor'
Activating service name='org.gtk.vfs.Metadata'
Activating service name='org.gnome.GConf'
Successfully activated service 'org.gnome.GConf'
Successfully activated service 'org.gtk.vfs.Metadata'
Activating service name='com.canonical.indicator.application'
Successfully activated service 'com.canonical.indicator.application'

(process:14394): indicator-application-service-WARNING **: Application already exists, re-requesting properties.

(process:14394): indicator-application-service-WARNING **: Application already exists, re-requesting properties.

(process:14394): indicator-application-service-WARNING **: Application already exists, re-requesting properties.

(process:14394): indicator-application-service-WARNING **: Application already exists, re-requesting properties.
Activating service name='org.gtk.vfs.Daemon'
Successfully activated service 'org.gtk.vfs.Daemon'
Activating service name='org.a11y.Bus'
Successfully activated service 'org.a11y.Bus'
Activating service name='org.a11y.atspi.Registry'
Activating service name='org.freedesktop.Notifications'
Activating service name='org.gtk.Private.UDisks2VolumeMonitor'
Successfully activated service 'org.a11y.atspi.Registry'

** (at-spi2-registryd:16704): WARNING **: Failed to register client: GDBus.Error:org.freedesktop.DBus.Error.ServiceUnknown: The name org.gnome.SessionManager was not provided by any .service files

** (at-spi2-registryd:16704): WARNING **: Unable to register client with session manager
Successfully activated service 'org.gtk.Private.UDisks2VolumeMonitor'
Successfully activated service 'org.freedesktop.Notifications'
Activating service name='org.xfce.Xfconf'
Successfully activated service 'org.xfce.Xfconf'
Activating service name='org.gtk.Private.MTPVolumeMonitor'
Successfully activated service 'org.gtk.Private.MTPVolumeMonitor'
Activating service name='org.gtk.Private.AfcVolumeMonitor'
Successfully activated service 'org.gtk.Private.AfcVolumeMonitor'
Activating service name='org.gtk.Private.GPhoto2VolumeMonitor'
Successfully activated service 'org.gtk.Private.GPhoto2VolumeMonitor'
Activating service name='org.gtk.vfs.Metadata'
Activating service name='org.gnome.GConf'
Successfully activated service 'org.gnome.GConf'
Successfully activated service 'org.gtk.vfs.Metadata'
Activating service name='com.canonical.indicator.application'
Successfully activated service 'com.canonical.indicator.application'

(process:16754): indicator-application-service-WARNING **: Application already exists, re-requesting properties.

(process:16754): indicator-application-service-WARNING **: Application already exists, re-requesting properties.

(process:16754): indicator-application-service-WARNING **: Application already exists, re-requesting properties.

(process:16754): indicator-application-service-WARNING **: Application already exists, re-requesting properties.
Activating service name='org.gtk.vfs.Daemon'
Successfully activated service 'org.gtk.vfs.Daemon'
Activating service name='org.a11y.Bus'
Activating service name='org.gtk.Private.UDisks2VolumeMonitor'
Successfully activated service 'org.a11y.Bus'
Activating service name='org.a11y.atspi.Registry'
Activating service name='org.freedesktop.Notifications'
Successfully activated service 'org.a11y.atspi.Registry'
Successfully activated service 'org.gtk.Private.UDisks2VolumeMonitor'

** (at-spi2-registryd:25828): WARNING **: Failed to register client: GDBus.Error:org.freedesktop.DBus.Error.ServiceUnknown: The name org.gnome.SessionManager was not provided by any .service files

** (at-spi2-registryd:25828): WARNING **: Unable to register client with session manager
Activating service name='org.gtk.Private.MTPVolumeMonitor'
Successfully activated service 'org.freedesktop.Notifications'
Activating service name='org.xfce.Xfconf'
Successfully activated service 'org.xfce.Xfconf'
Successfully activated service 'org.gtk.Private.MTPVolumeMonitor'
Activating service name='org.gtk.Private.AfcVolumeMonitor'
Successfully activated service 'org.gtk.Private.AfcVolumeMonitor'
Activating service name='org.gtk.Private.GPhoto2VolumeMonitor'
Successfully activated service 'org.gtk.Private.GPhoto2VolumeMonitor'
Activating service name='org.gtk.vfs.Metadata'
Activating service name='org.gnome.GConf'
Successfully activated service 'org.gtk.vfs.Metadata'
Successfully activated service 'org.gnome.GConf'
Activating service name='com.canonical.indicator.application'
Successfully activated service 'com.canonical.indicator.application'

(process:25905): indicator-application-service-WARNING **: Application already exists, re-requesting properties.

(process:25905): indicator-application-service-WARNING **: Application already exists, re-requesting properties.

(process:25905): indicator-application-service-WARNING **: Application already exists, re-requesting properties.

(process:25905): indicator-application-service-WARNING **: Application already exists, re-requesting properties.
Activating service name='org.gtk.vfs.Daemon'
Successfully activated service 'org.gtk.vfs.Daemon'
Activating service name='org.a11y.Bus'
Successfully activated service 'org.a11y.Bus'
Activating service name='org.a11y.atspi.Registry'
Successfully activated service 'org.a11y.atspi.Registry'

** (at-spi2-registryd:1786): WARNING **: Failed to register client: GDBus.Error:org.freedesktop.DBus.Error.ServiceUnknown: The name org.gnome.SessionManager was not provided by any .service files

** (at-spi2-registryd:1786): WARNING **: Unable to register client with session manager
Activating service name='org.freedesktop.Notifications'
Activating service name='org.gtk.Private.UDisks2VolumeMonitor'
Successfully activated service 'org.freedesktop.Notifications'
Activating service name='org.xfce.Xfconf'
Successfully activated service 'org.xfce.Xfconf'
Successfully activated service 'org.gtk.Private.UDisks2VolumeMonitor'
Activating service name='org.gtk.Private.MTPVolumeMonitor'
Successfully activated service 'org.gtk.Private.MTPVolumeMonitor'
Activating service name='org.gtk.Private.AfcVolumeMonitor'
Activating service name='org.gnome.GConf'
Successfully activated service 'org.gtk.Private.AfcVolumeMonitor'
Successfully activated service 'org.gnome.GConf'
Activating service name='org.gtk.Private.GPhoto2VolumeMonitor'
Successfully activated service 'org.gtk.Private.GPhoto2VolumeMonitor'
Activating service name='org.gtk.vfs.Metadata'
Successfully activated service 'org.gtk.vfs.Metadata'
Activating service name='com.canonical.indicator.application'
Successfully activated service 'com.canonical.indicator.application'

(process:2001): indicator-application-service-WARNING **: Application already exists, re-requesting properties.
Activating service name='org.gtk.vfs.Daemon'
Successfully activated service 'org.gtk.vfs.Daemon'
Activating service name='org.a11y.Bus'
Successfully activated service 'org.a11y.Bus'
Activating service name='org.a11y.atspi.Registry'
Activating service name='org.gtk.Private.UDisks2VolumeMonitor'
Activating service name='org.freedesktop.Notifications'
Successfully activated service 'org.a11y.atspi.Registry'
Successfully activated service 'org.gtk.Private.UDisks2VolumeMonitor'
Activating service name='org.gtk.Private.MTPVolumeMonitor'
Successfully activated service 'org.gtk.Private.MTPVolumeMonitor'

** (at-spi2-registryd:2726): WARNING **: Failed to register client: GDBus.Error:org.freedesktop.DBus.Error.ServiceUnknown: The name org.gnome.SessionManager was not provided by any .service files

** (at-spi2-registryd:2726): WARNING **: Unable to register client with session manager
Activating service name='org.gtk.Private.AfcVolumeMonitor'
Successfully activated service 'org.freedesktop.Notifications'
Activating service name='org.xfce.Xfconf'
Successfully activated service 'org.xfce.Xfconf'
Successfully activated service 'org.gtk.Private.AfcVolumeMonitor'
Activating service name='org.gtk.Private.GPhoto2VolumeMonitor'
Successfully activated service 'org.gtk.Private.GPhoto2VolumeMonitor'
Activating service name='org.gnome.GConf'
Successfully activated service 'org.gnome.GConf'
Activating service name='org.gtk.vfs.Metadata'
Successfully activated service 'org.gtk.vfs.Metadata'
Activating service name='com.canonical.indicator.application'
Successfully activated service 'com.canonical.indicator.application'

(process:2790): indicator-application-service-WARNING **: Application already exists, re-requesting properties.

(process:2790): libindicator-WARNING **: No watchers, service timing out.
